app/build/intermediates/manifest_merge_blame_file/release/manifest-merger-blame-release-report.txt
1<?xml version="1.0" encoding="utf-8"?>
2<manifest xmlns:android="http://schemas.android.com/apk/res/android"
3    package="com.rhinoactive.foreorder_golf_employee_forefront"
4    android:versionCode="9"
5    android:versionName="1.2.5" >
6
7    <uses-sdk
8        android:minSdkVersion="21"
8-->src\main\AndroidManifest.xml
9        android:targetSdkVersion="32" />
9-->src\main\AndroidManifest.xml
10
11    <uses-permission android:name="android.permission.INTERNET" />
11-->src\main\AndroidManifest.xml:7:5-67
11-->src\main\AndroidManifest.xml:7:22-64
12    <uses-permission android:name="android.permission.ACCESS_NETWORK_STATE" />
12-->src\main\AndroidManifest.xml:8:5-79
12-->src\main\AndroidManifest.xml:8:22-76
13    <uses-permission android:name="android.permission.ACCESS_WIFI_STATE" />
13-->src\main\AndroidManifest.xml:9:5-76
13-->src\main\AndroidManifest.xml:9:22-73
14    <uses-permission android:name="android.permission.READ_EXTERNAL_STORAGE" />
14-->src\main\AndroidManifest.xml:10:5-80
14-->src\main\AndroidManifest.xml:10:22-77
15    <uses-permission android:name="android.permission.WRITE_EXTERNAL_STORAGE" />
15-->src\main\AndroidManifest.xml:11:5-81
15-->src\main\AndroidManifest.xml:11:22-78
16    <uses-permission android:name="android.permission.ACCESS_COARSE_LOCATION" />
16-->src\main\AndroidManifest.xml:12:5-80
16-->src\main\AndroidManifest.xml:12:22-78
17    <uses-permission android:name="android.permission.ACCESS_FINE_LOCATION" />
17-->src\main\AndroidManifest.xml:13:5-79
17-->src\main\AndroidManifest.xml:13:22-76
18    <uses-permission android:name="android.permission.RECEIVE_BOOT_COMPLETED" />
18-->src\main\AndroidManifest.xml:14:5-81
18-->src\main\AndroidManifest.xml:14:22-78
19    <uses-permission android:name="android.permission.SEND_SMS" />
19-->src\main\AndroidManifest.xml:15:5-66
19-->src\main\AndroidManifest.xml:15:22-64
20    <uses-permission android:name="android.permission.CALL_PHONE" />
20-->src\main\AndroidManifest.xml:16:5-69
20-->src\main\AndroidManifest.xml:16:22-66
21    <uses-permission android:name="android.permission.READ_PHONE_STATE" />
21-->src\main\AndroidManifest.xml:17:5-75
21-->src\main\AndroidManifest.xml:17:22-72
22
23    <!-- Create a unique permission for your app and use it so only your app can receive your OneSignal messages. -->
24    <permission
24-->[com.onesignal:OneSignal:3.16.1] AndroidManifest.xml:7:5-9:47
25        android:name="com.rhinoactive.foreorder_golf_employee_forefront.permission.C2D_MESSAGE"
25-->[com.onesignal:OneSignal:3.16.1] AndroidManifest.xml:8:9-63
26        android:protectionLevel="signature" />
26-->[com.onesignal:OneSignal:3.16.1] AndroidManifest.xml:9:9-44
27
28    <uses-permission android:name="com.rhinoactive.foreorder_golf_employee_forefront.permission.C2D_MESSAGE" />
28-->[com.onesignal:OneSignal:3.16.1] AndroidManifest.xml:11:5-79
28-->[com.onesignal:OneSignal:3.16.1] AndroidManifest.xml:11:22-76
29    <uses-permission android:name="com.google.android.c2dm.permission.RECEIVE" /> <!-- Required, makes sure notifications are delivered on time. -->
29-->[com.onesignal:OneSignal:3.16.1] AndroidManifest.xml:17:5-82
29-->[com.onesignal:OneSignal:3.16.1] AndroidManifest.xml:17:22-79
30    <uses-permission android:name="android.permission.WAKE_LOCK" />
30-->[com.onesignal:OneSignal:3.16.1] AndroidManifest.xml:18:5-68
30-->[com.onesignal:OneSignal:3.16.1] AndroidManifest.xml:18:22-65
31    <!--
32 Required so the device vibrates on receiving a push notification.
33         Vibration settings of the device still apply.
34    -->
35    <uses-permission android:name="android.permission.VIBRATE" /> <!-- START: ShortcutBadger -->
35-->[com.onesignal:OneSignal:3.16.1] AndroidManifest.xml:23:5-66
35-->[com.onesignal:OneSignal:3.16.1] AndroidManifest.xml:23:22-63
36    <!-- Samsung -->
37    <uses-permission android:name="com.sec.android.provider.badge.permission.READ" />
37-->[com.onesignal:OneSignal:3.16.1] AndroidManifest.xml:31:5-86
37-->[com.onesignal:OneSignal:3.16.1] AndroidManifest.xml:31:22-83
38    <uses-permission android:name="com.sec.android.provider.badge.permission.WRITE" /> <!-- HTC -->
38-->[com.onesignal:OneSignal:3.16.1] AndroidManifest.xml:32:5-87
38-->[com.onesignal:OneSignal:3.16.1] AndroidManifest.xml:32:22-84
39    <uses-permission android:name="com.htc.launcher.permission.READ_SETTINGS" />
39-->[com.onesignal:OneSignal:3.16.1] AndroidManifest.xml:33:5-81
39-->[com.onesignal:OneSignal:3.16.1] AndroidManifest.xml:33:22-78
40    <uses-permission android:name="com.htc.launcher.permission.UPDATE_SHORTCUT" /> <!-- Sony -->
40-->[com.onesignal:OneSignal:3.16.1] AndroidManifest.xml:34:5-83
40-->[com.onesignal:OneSignal:3.16.1] AndroidManifest.xml:34:22-80
41    <uses-permission android:name="com.sonyericsson.home.permission.BROADCAST_BADGE" />
41-->[com.onesignal:OneSignal:3.16.1] AndroidManifest.xml:35:5-88
41-->[com.onesignal:OneSignal:3.16.1] AndroidManifest.xml:35:22-85
42    <uses-permission android:name="com.sonymobile.home.permission.PROVIDER_INSERT_BADGE" /> <!-- Apex -->
42-->[com.onesignal:OneSignal:3.16.1] AndroidManifest.xml:36:5-92
42-->[com.onesignal:OneSignal:3.16.1] AndroidManifest.xml:36:22-89
43    <uses-permission android:name="com.anddoes.launcher.permission.UPDATE_COUNT" /> <!-- Solid -->
43-->[com.onesignal:OneSignal:3.16.1] AndroidManifest.xml:37:5-84
43-->[com.onesignal:OneSignal:3.16.1] AndroidManifest.xml:37:22-81
44    <uses-permission android:name="com.majeur.launcher.permission.UPDATE_BADGE" /> <!-- Huawei -->
44-->[com.onesignal:OneSignal:3.16.1] AndroidManifest.xml:38:5-83
44-->[com.onesignal:OneSignal:3.16.1] AndroidManifest.xml:38:22-80
45    <uses-permission android:name="com.huawei.android.launcher.permission.CHANGE_BADGE" />
45-->[com.onesignal:OneSignal:3.16.1] AndroidManifest.xml:39:5-91
45-->[com.onesignal:OneSignal:3.16.1] AndroidManifest.xml:39:22-88
46    <uses-permission android:name="com.huawei.android.launcher.permission.READ_SETTINGS" />
46-->[com.onesignal:OneSignal:3.16.1] AndroidManifest.xml:40:5-92
46-->[com.onesignal:OneSignal:3.16.1] AndroidManifest.xml:40:22-89
47    <uses-permission android:name="com.huawei.android.launcher.permission.WRITE_SETTINGS" /> <!-- ZUK -->
47-->[com.onesignal:OneSignal:3.16.1] AndroidManifest.xml:41:5-93
47-->[com.onesignal:OneSignal:3.16.1] AndroidManifest.xml:41:22-90
48    <uses-permission android:name="android.permission.READ_APP_BADGE" /> <!-- OPPO -->
48-->[com.onesignal:OneSignal:3.16.1] AndroidManifest.xml:42:5-73
48-->[com.onesignal:OneSignal:3.16.1] AndroidManifest.xml:42:22-70
49    <uses-permission android:name="com.oppo.launcher.permission.READ_SETTINGS" />
49-->[com.onesignal:OneSignal:3.16.1] AndroidManifest.xml:43:5-82
49-->[com.onesignal:OneSignal:3.16.1] AndroidManifest.xml:43:22-79
50    <uses-permission android:name="com.oppo.launcher.permission.WRITE_SETTINGS" /> <!-- EvMe -->
50-->[com.onesignal:OneSignal:3.16.1] AndroidManifest.xml:44:5-83
50-->[com.onesignal:OneSignal:3.16.1] AndroidManifest.xml:44:22-80
51    <uses-permission android:name="me.everything.badger.permission.BADGE_COUNT_READ" />
51-->[com.onesignal:OneSignal:3.16.1] AndroidManifest.xml:45:5-88
51-->[com.onesignal:OneSignal:3.16.1] AndroidManifest.xml:45:22-85
52    <uses-permission android:name="me.everything.badger.permission.BADGE_COUNT_WRITE" />
52-->[com.onesignal:OneSignal:3.16.1] AndroidManifest.xml:46:5-89
52-->[com.onesignal:OneSignal:3.16.1] AndroidManifest.xml:46:22-86
53
54    <uses-feature
54-->[com.google.android.gms:play-services-maps:18.1.0] AndroidManifest.xml:26:5-28:35
55        android:glEsVersion="0x00020000"
55-->[com.google.android.gms:play-services-maps:18.1.0] AndroidManifest.xml:27:9-41
56        android:required="true" />
56-->[com.google.android.gms:play-services-maps:18.1.0] AndroidManifest.xml:28:9-32
57
58    <queries>
58-->[com.google.android.gms:play-services-maps:18.1.0] AndroidManifest.xml:30:5-34:15
59
60        <!-- Needs to be explicitly declared on Android R+ -->
61        <package android:name="com.google.android.apps.maps" />
61-->[com.google.android.gms:play-services-maps:18.1.0] AndroidManifest.xml:33:9-64
61-->[com.google.android.gms:play-services-maps:18.1.0] AndroidManifest.xml:33:18-61
62    </queries>
63
64    <application
64-->src\main\AndroidManifest.xml:21:5-120:19
65        android:name="com.rhinoactive.foreorder_golf_employee.utils.ForeOrderApp"
65-->src\main\AndroidManifest.xml:22:9-82
66        android:allowBackup="true"
66-->src\main\AndroidManifest.xml:23:9-35
67        android:appComponentFactory="androidx.core.app.CoreComponentFactory"
67-->[androidx.core:core:1.8.0] AndroidManifest.xml:24:18-86
68        android:icon="@mipmap/ic_launcher"
68-->src\main\AndroidManifest.xml:25:9-43
69        android:label="@string/app_name"
69-->src\main\AndroidManifest.xml:26:9-41
70        android:launchMode="singleTop"
70-->src\main\AndroidManifest.xml:24:9-40
71        android:supportsRtl="true"
71-->src\main\AndroidManifest.xml:27:9-35
72        android:theme="@style/AppTheme.NoActionBar"
72-->src\main\AndroidManifest.xml:28:9-52
73        android:usesCleartextTraffic="true" >
73-->src\main\AndroidManifest.xml:29:9-44
74        <meta-data
74-->src\main\AndroidManifest.xml:31:9-33:39
75            android:name="com.onesignal.NotificationOpened.DEFAULT"
75-->src\main\AndroidManifest.xml:32:13-68
76            android:value="DISABLE" />
76-->src\main\AndroidManifest.xml:33:13-36
77        <meta-data
77-->src\main\AndroidManifest.xml:35:9-37:69
78            android:name="com.google.android.gms.version"
78-->src\main\AndroidManifest.xml:36:13-58
79            android:value="@integer/google_play_services_version" />
79-->src\main\AndroidManifest.xml:37:13-66
80        <meta-data
80-->src\main\AndroidManifest.xml:38:9-40:71
81            android:name="com.google.android.geo.API_KEY"
81-->src\main\AndroidManifest.xml:39:13-58
82            android:value="AIzaSyA53EGyXaKRctYhcLFy0ZOOpxvlXVwTFag" />
82-->src\main\AndroidManifest.xml:40:13-68
83
84        <provider
84-->src\main\AndroidManifest.xml:42:9-50:20
85            android:name="androidx.core.content.FileProvider"
85-->src\main\AndroidManifest.xml:43:13-62
86            android:authorities="@string/file_provider_authority"
86-->src\main\AndroidManifest.xml:44:13-66
87            android:exported="false"
87-->src\main\AndroidManifest.xml:45:13-37
88            android:grantUriPermissions="true" >
88-->src\main\AndroidManifest.xml:46:13-47
89            <meta-data
89-->src\main\AndroidManifest.xml:47:13-49:53
90                android:name="android.support.FILE_PROVIDER_PATHS"
90-->src\main\AndroidManifest.xml:48:17-67
91                android:resource="@xml/file_paths" />
91-->src\main\AndroidManifest.xml:49:17-51
92        </provider>
93
94        <receiver
94-->src\main\AndroidManifest.xml:52:9-61:20
95            android:name="com.rhinoactive.foreorder_golf_employee.receivers.ForeOrderLocationReceiver"
95-->src\main\AndroidManifest.xml:53:13-103
96            android:enabled="true"
96-->src\main\AndroidManifest.xml:54:13-35
97            android:exported="true"
97-->src\main\AndroidManifest.xml:57:13-36
98            android:label="UserLocationUpdateReceiver"
98-->src\main\AndroidManifest.xml:56:13-55
99            android:permission="TODO" >
99-->src\main\AndroidManifest.xml:55:13-38
100            <intent-filter>
100-->src\main\AndroidManifest.xml:58:13-60:29
101                <action android:name="com.rhinoactive.foreorder_golf_employee.NEW_LOCATION_INTENT" />
101-->src\main\AndroidManifest.xml:59:17-102
101-->src\main\AndroidManifest.xml:59:25-99
102            </intent-filter>
103        </receiver>
104        <receiver
104-->src\main\AndroidManifest.xml:63:9-69:20
105            android:name="com.onesignal.GcmBroadcastReceiver"
105-->src\main\AndroidManifest.xml:64:13-62
106            android:exported="false"
106-->src\main\AndroidManifest.xml:63:19-43
107            android:permission="com.google.android.c2dm.permission.SEND" >
107-->src\main\AndroidManifest.xml:65:13-73
108            <intent-filter>
108-->src\main\AndroidManifest.xml:66:13-68:29
109                <action android:name="com.google.android.c2dm.intent.RECEIVE" />
109-->src\main\AndroidManifest.xml:66:29-93
109-->src\main\AndroidManifest.xml:66:37-90
110
111                <category android:name="android.intent.category.DEFAULT" />
111-->src\main\AndroidManifest.xml:67:17-76
111-->src\main\AndroidManifest.xml:67:27-73
112            </intent-filter>
113            <!-- High priority so OneSignal payloads can be filtered from other GCM receivers if filterOtherGCMReceivers is enabled. -->
114            <intent-filter android:priority="999" >
114-->[com.onesignal:OneSignal:3.16.1] AndroidManifest.xml:62:13-66:29
114-->[com.onesignal:OneSignal:3.16.1] AndroidManifest.xml:62:28-50
115                <action android:name="com.google.android.c2dm.intent.RECEIVE" />
115-->src\main\AndroidManifest.xml:66:29-93
115-->src\main\AndroidManifest.xml:66:37-90
116
117                <category android:name="com.rhinoactive.foreorder_golf_employee_forefront" />
117-->[com.onesignal:OneSignal:3.16.1] AndroidManifest.xml:65:17-61
117-->[com.onesignal:OneSignal:3.16.1] AndroidManifest.xml:65:27-58
118            </intent-filter>
119        </receiver>
120
121        <activity
121-->src\main\AndroidManifest.xml:71:9-74:54
122            android:name="com.rhinoactive.foreorder_golf_employee.activities.MainActivity"
122-->src\main\AndroidManifest.xml:72:13-91
123            android:exported="false"
123-->src\main\AndroidManifest.xml:73:13-37
124            android:screenOrientation="fullSensor" />
124-->src\main\AndroidManifest.xml:74:13-51
125        <activity
125-->src\main\AndroidManifest.xml:75:9-85:20
126            android:name="com.rhinoactive.foreorder_golf_employee.activities.LoginActivity"
126-->src\main\AndroidManifest.xml:76:13-92
127            android:exported="true"
127-->src\main\AndroidManifest.xml:77:13-36
128            android:screenOrientation="fullSensor"
128-->src\main\AndroidManifest.xml:78:13-51
129            android:windowSoftInputMode="stateHidden|adjustResize" >
129-->src\main\AndroidManifest.xml:79:13-67
130            <intent-filter>
130-->src\main\AndroidManifest.xml:80:13-84:29
131                <action android:name="android.intent.action.MAIN" />
131-->src\main\AndroidManifest.xml:81:17-69
131-->src\main\AndroidManifest.xml:81:25-66
132
133                <category android:name="android.intent.category.LAUNCHER" />
133-->src\main\AndroidManifest.xml:83:17-77
133-->src\main\AndroidManifest.xml:83:27-74
134            </intent-filter>
135        </activity>
136        <activity
136-->src\main\AndroidManifest.xml:86:9-89:54
137            android:name="com.rhinoactive.foreorder_golf_employee.activities.ChangeClubActivity"
137-->src\main\AndroidManifest.xml:87:13-97
138            android:exported="false"
138-->src\main\AndroidManifest.xml:88:13-37
139            android:screenOrientation="fullSensor" />
139-->src\main\AndroidManifest.xml:89:13-51
140        <activity
140-->src\main\AndroidManifest.xml:91:9-93:53
141            android:name="com.rhinoactive.foreorder_golf_employee.activities.OrderActivity"
141-->src\main\AndroidManifest.xml:91:19-98
142            android:exported="false"
142-->src\main\AndroidManifest.xml:92:13-37
143            android:screenOrientation="fullSensor" />
143-->src\main\AndroidManifest.xml:93:13-51
144
145        <service
145-->src\main\AndroidManifest.xml:95:9-98:39
146            android:name="com.onesignal.SyncService"
146-->src\main\AndroidManifest.xml:96:13-53
147            android:exported="false"
147-->src\main\AndroidManifest.xml:98:13-37
148            android:stopWithTask="true" />
148-->src\main\AndroidManifest.xml:97:13-40
149        <service
149-->src\main\AndroidManifest.xml:99:9-103:48
150            android:name="com.onesignal.SyncJobService"
150-->src\main\AndroidManifest.xml:100:13-56
151            android:exported="true"
151-->src\main\AndroidManifest.xml:102:13-36
152            android:permission="android.permission.BIND_JOB_SERVICE" />
152-->src\main\AndroidManifest.xml:101:13-69
153
154        <activity
154-->src\main\AndroidManifest.xml:105:9-146
155            android:name="com.onesignal.NotificationOpenedActivityHMS"
155-->src\main\AndroidManifest.xml:105:19-77
156            android:exported="true"
156-->src\main\AndroidManifest.xml:105:78-101
157            android:theme="@android:style/Theme.Translucent.NoTitleBar" >
157-->[com.onesignal:OneSignal:3.16.1] AndroidManifest.xml:80:13-72
158            <intent-filter>
158-->[com.onesignal:OneSignal:3.16.1] AndroidManifest.xml:81:13-83:29
159                <action android:name="android.intent.action.VIEW" />
159-->[com.onesignal:OneSignal:3.16.1] AndroidManifest.xml:82:17-69
159-->[com.onesignal:OneSignal:3.16.1] AndroidManifest.xml:82:25-66
160            </intent-filter>
161        </activity>
162        <!-- <receiver android:name="com.onesignal.GcmBroadcastReceiver" android:exported="true" tools:replace="android:exported"></receiver> -->
163        <receiver
163-->src\main\AndroidManifest.xml:107:9-131
164            android:name="com.onesignal.BootUpReceiver"
164-->src\main\AndroidManifest.xml:107:19-62
165            android:exported="true" >
165-->src\main\AndroidManifest.xml:107:63-86
166            <intent-filter>
166-->[com.onesignal:OneSignal:3.16.1] AndroidManifest.xml:110:13-113:29
167                <action android:name="android.intent.action.BOOT_COMPLETED" />
167-->[com.onesignal:OneSignal:3.16.1] AndroidManifest.xml:111:17-79
167-->[com.onesignal:OneSignal:3.16.1] AndroidManifest.xml:111:25-76
168                <action android:name="android.intent.action.QUICKBOOT_POWERON" />
168-->[com.onesignal:OneSignal:3.16.1] AndroidManifest.xml:112:17-82
168-->[com.onesignal:OneSignal:3.16.1] AndroidManifest.xml:112:25-79
169            </intent-filter>
170        </receiver>
171        <receiver
171-->src\main\AndroidManifest.xml:108:9-132
172            android:name="com.onesignal.UpgradeReceiver"
172-->src\main\AndroidManifest.xml:108:19-63
173            android:exported="true" >
173-->src\main\AndroidManifest.xml:108:64-87
174            <intent-filter>
174-->[com.onesignal:OneSignal:3.16.1] AndroidManifest.xml:116:13-118:29
175                <action android:name="android.intent.action.MY_PACKAGE_REPLACED" />
175-->[com.onesignal:OneSignal:3.16.1] AndroidManifest.xml:117:17-84
175-->[com.onesignal:OneSignal:3.16.1] AndroidManifest.xml:117:25-81
176            </intent-filter>
177        </receiver>
178
179        <meta-data
179-->src\main\AndroidManifest.xml:109:9-112:68
180            android:name="onesignal_app_id"
180-->src\main\AndroidManifest.xml:110:13-44
181            android:value="55a3f65e-97bf-4bc4-afd3-d4c03d1da17a" />
181-->src\main\AndroidManifest.xml:112:13-65
182        <meta-data
182-->src\main\AndroidManifest.xml:113:9-116:38
183            android:name="onesignal_google_project_number"
183-->src\main\AndroidManifest.xml:114:13-59
184            android:value="REMOTE" />
184-->src\main\AndroidManifest.xml:116:13-35
185
186        <uses-library
186-->src\main\AndroidManifest.xml:119:9-87
187            android:name="org.apache.http.legacy"
187-->src\main\AndroidManifest.xml:119:23-60
188            android:required="false" />
188-->src\main\AndroidManifest.xml:119:61-85
189
190        <service
190-->[:locationutilities] AndroidManifest.xml:18:9-21:39
191            android:name="com.rhinodesktop.locationutilities.newlocationupdates.services.UpdateLocationService"
191-->[:locationutilities] AndroidManifest.xml:19:13-112
192            android:enabled="true"
192-->[:locationutilities] AndroidManifest.xml:20:13-35
193            android:exported="true" />
193-->[:locationutilities] AndroidManifest.xml:21:13-36
194        <service
194-->[:locationutilities] AndroidManifest.xml:22:9-25:39
195            android:name="com.rhinodesktop.locationutilities.newlocationupdates.services.UpdateLocationForegroundService"
195-->[:locationutilities] AndroidManifest.xml:23:13-122
196            android:enabled="true"
196-->[:locationutilities] AndroidManifest.xml:24:13-35
197            android:exported="true" />
197-->[:locationutilities] AndroidManifest.xml:25:13-36
198        <service
198-->[:imageutility] AndroidManifest.xml:16:9-18:38
199            android:name="com.amazonaws.mobileconnectors.s3.transferutility.TransferService"
199-->[:imageutility] AndroidManifest.xml:17:13-93
200            android:enabled="true" />
200-->[:imageutility] AndroidManifest.xml:18:13-35
201
202        <receiver android:name="com.onesignal.NotificationOpenedReceiver" />
202-->[com.onesignal:OneSignal:3.16.1] AndroidManifest.xml:68:9-77
202-->[com.onesignal:OneSignal:3.16.1] AndroidManifest.xml:68:19-74
203
204        <service
204-->[com.onesignal:OneSignal:3.16.1] AndroidManifest.xml:70:9-76:19
205            android:name="com.onesignal.HmsMessageServiceOneSignal"
205-->[com.onesignal:OneSignal:3.16.1] AndroidManifest.xml:71:13-68
206            android:exported="false" >
206-->[com.onesignal:OneSignal:3.16.1] AndroidManifest.xml:72:13-37
207            <intent-filter>
207-->[com.onesignal:OneSignal:3.16.1] AndroidManifest.xml:73:13-75:29
208                <action android:name="com.huawei.push.action.MESSAGING_EVENT" />
208-->[com.onesignal:OneSignal:3.16.1] AndroidManifest.xml:74:17-81
208-->[com.onesignal:OneSignal:3.16.1] AndroidManifest.xml:74:25-78
209            </intent-filter>
210        </service>
211        <service android:name="com.onesignal.GcmIntentService" />
211-->[com.onesignal:OneSignal:3.16.1] AndroidManifest.xml:86:9-66
211-->[com.onesignal:OneSignal:3.16.1] AndroidManifest.xml:86:18-63
212        <service
212-->[com.onesignal:OneSignal:3.16.1] AndroidManifest.xml:87:9-89:72
213            android:name="com.onesignal.GcmIntentJobService"
213-->[com.onesignal:OneSignal:3.16.1] AndroidManifest.xml:88:13-61
214            android:permission="android.permission.BIND_JOB_SERVICE" />
214-->[com.onesignal:OneSignal:3.16.1] AndroidManifest.xml:89:13-69
215        <service
215-->[com.onesignal:OneSignal:3.16.1] AndroidManifest.xml:90:9-92:72
216            android:name="com.onesignal.RestoreJobService"
216-->[com.onesignal:OneSignal:3.16.1] AndroidManifest.xml:91:13-59
217            android:permission="android.permission.BIND_JOB_SERVICE" />
217-->[com.onesignal:OneSignal:3.16.1] AndroidManifest.xml:92:13-69
218        <service
218-->[com.onesignal:OneSignal:3.16.1] AndroidManifest.xml:93:9-95:72
219            android:name="com.onesignal.RestoreKickoffJobService"
219-->[com.onesignal:OneSignal:3.16.1] AndroidManifest.xml:94:13-66
220            android:permission="android.permission.BIND_JOB_SERVICE" />
220-->[com.onesignal:OneSignal:3.16.1] AndroidManifest.xml:95:13-69
221
222        <activity
222-->[com.onesignal:OneSignal:3.16.1] AndroidManifest.xml:103:9-105:75
223            android:name="com.onesignal.PermissionsActivity"
223-->[com.onesignal:OneSignal:3.16.1] AndroidManifest.xml:104:13-61
224            android:theme="@android:style/Theme.Translucent.NoTitleBar" />
224-->[com.onesignal:OneSignal:3.16.1] AndroidManifest.xml:105:13-72
225
226        <service android:name="com.onesignal.NotificationRestoreService" />
226-->[com.onesignal:OneSignal:3.16.1] AndroidManifest.xml:107:9-76
226-->[com.onesignal:OneSignal:3.16.1] AndroidManifest.xml:107:18-73
227        <!--
228             FirebaseMessagingService performs security checks at runtime,
229             but set to not exported to explicitly avoid allowing another app to call it.
230        -->
231        <service
231-->[com.google.firebase:firebase-messaging:19.0.0] AndroidManifest.xml:28:9-34:19
232            android:name="com.google.firebase.messaging.FirebaseMessagingService"
232-->[com.google.firebase:firebase-messaging:19.0.0] AndroidManifest.xml:29:13-82
233            android:exported="false" >
233-->[com.google.firebase:firebase-messaging:19.0.0] AndroidManifest.xml:30:13-37
234            <intent-filter android:priority="-500" >
234-->[com.google.firebase:firebase-messaging:19.0.0] AndroidManifest.xml:31:13-33:29
234-->[com.google.firebase:firebase-messaging:19.0.0] AndroidManifest.xml:31:28-51
235                <action android:name="com.google.firebase.MESSAGING_EVENT" />
235-->[com.google.firebase:firebase-messaging:19.0.0] AndroidManifest.xml:32:17-78
235-->[com.google.firebase:firebase-messaging:19.0.0] AndroidManifest.xml:32:25-75
236            </intent-filter>
237        </service>
238        <service
238-->[com.google.firebase:firebase-iid:19.0.0] AndroidManifest.xml:29:9-35:19
239            android:name="com.google.firebase.components.ComponentDiscoveryService"
239-->[com.google.firebase:firebase-iid:19.0.0] AndroidManifest.xml:30:13-84
240            android:exported="false" >
240-->[com.google.firebase:firebase-iid:19.0.0] AndroidManifest.xml:31:13-37
241            <meta-data
241-->[com.google.firebase:firebase-iid:19.0.0] AndroidManifest.xml:32:13-34:85
242                android:name="com.google.firebase.components:com.google.firebase.iid.Registrar"
242-->[com.google.firebase:firebase-iid:19.0.0] AndroidManifest.xml:33:17-96
243                android:value="com.google.firebase.components.ComponentRegistrar" />
243-->[com.google.firebase:firebase-iid:19.0.0] AndroidManifest.xml:34:17-82
244        </service>
245
246        <receiver
246-->[com.google.firebase:firebase-iid:19.0.0] AndroidManifest.xml:37:9-44:20
247            android:name="com.google.firebase.iid.FirebaseInstanceIdReceiver"
247-->[com.google.firebase:firebase-iid:19.0.0] AndroidManifest.xml:38:13-78
248            android:exported="true"
248-->[com.google.firebase:firebase-iid:19.0.0] AndroidManifest.xml:39:13-36
249            android:permission="com.google.android.c2dm.permission.SEND" >
249-->[com.google.firebase:firebase-iid:19.0.0] AndroidManifest.xml:40:13-73
250            <intent-filter>
250-->[com.google.firebase:firebase-iid:19.0.0] AndroidManifest.xml:41:13-43:29
251                <action android:name="com.google.android.c2dm.intent.RECEIVE" />
251-->src\main\AndroidManifest.xml:66:29-93
251-->src\main\AndroidManifest.xml:66:37-90
252            </intent-filter>
253        </receiver>
254
255        <activity
255-->[com.google.android.gms:play-services-base:18.1.0] AndroidManifest.xml:20:9-22:45
256            android:name="com.google.android.gms.common.api.GoogleApiActivity"
256-->[com.google.android.gms:play-services-base:18.1.0] AndroidManifest.xml:20:19-85
257            android:exported="false"
257-->[com.google.android.gms:play-services-base:18.1.0] AndroidManifest.xml:22:19-43
258            android:theme="@android:style/Theme.Translucent.NoTitleBar" />
258-->[com.google.android.gms:play-services-base:18.1.0] AndroidManifest.xml:21:19-78
259
260        <provider
260-->[com.google.firebase:firebase-common:18.0.0] AndroidManifest.xml:12:9-16:39
261            android:name="com.google.firebase.provider.FirebaseInitProvider"
261-->[com.google.firebase:firebase-common:18.0.0] AndroidManifest.xml:13:13-77
262            android:authorities="com.rhinoactive.foreorder_golf_employee_forefront.firebaseinitprovider"
262-->[com.google.firebase:firebase-common:18.0.0] AndroidManifest.xml:14:13-72
263            android:exported="false"
263-->[com.google.firebase:firebase-common:18.0.0] AndroidManifest.xml:15:13-37
264            android:initOrder="100" />
264-->[com.google.firebase:firebase-common:18.0.0] AndroidManifest.xml:16:13-36
265        <provider
265-->[androidx.emoji2:emoji2:1.2.0] AndroidManifest.xml:24:9-32:20
266            android:name="androidx.startup.InitializationProvider"
266-->[androidx.emoji2:emoji2:1.2.0] AndroidManifest.xml:25:13-67
267            android:authorities="com.rhinoactive.foreorder_golf_employee_forefront.androidx-startup"
267-->[androidx.emoji2:emoji2:1.2.0] AndroidManifest.xml:26:13-68
268            android:exported="false" >
268-->[androidx.emoji2:emoji2:1.2.0] AndroidManifest.xml:27:13-37
269            <meta-data
269-->[androidx.emoji2:emoji2:1.2.0] AndroidManifest.xml:29:13-31:52
270                android:name="androidx.emoji2.text.EmojiCompatInitializer"
270-->[androidx.emoji2:emoji2:1.2.0] AndroidManifest.xml:30:17-75
271                android:value="androidx.startup" />
271-->[androidx.emoji2:emoji2:1.2.0] AndroidManifest.xml:31:17-49
272            <meta-data
272-->[androidx.lifecycle:lifecycle-process:2.4.1] AndroidManifest.xml:31:13-33:52
273                android:name="androidx.lifecycle.ProcessLifecycleInitializer"
273-->[androidx.lifecycle:lifecycle-process:2.4.1] AndroidManifest.xml:32:17-78
274                android:value="androidx.startup" />
274-->[androidx.lifecycle:lifecycle-process:2.4.1] AndroidManifest.xml:33:17-49
275        </provider>
276    </application>
277
278</manifest>